<?xml version="1.0" encoding="UTF-8"?>
<!-- Generated by org.testng.reporters.JUnitXMLReporter -->
<testsuite ignored="0" hostname="DESKTOP-69OQC4Q" failures="0" tests="4" name="Test" time="0.847" errors="0" timestamp="2022-10-07T09:02:31 IST">
  <testcase classname="com.nopc.qa.login.LoginValidation" name="@BeforeClass Browseropening" time="0.473">
    <failure type="java.lang.NoClassDefFoundError" message="dev/failsafe/Policy">
      <![CDATA[java.lang.NoClassDefFoundError: dev/failsafe/Policy
at org.openqa.selenium.remote.http.ClientConfig.<clinit>(ClientConfig.java:33)
at org.openqa.selenium.remote.HttpCommandExecutor.<init>(HttpCommandExecutor.java:95)
at org.openqa.selenium.remote.HttpCommandExecutor.<init>(HttpCommandExecutor.java:85)
at org.openqa.selenium.remote.service.DriverCommandExecutor.<init>(DriverCommandExecutor.java:80)
at org.openqa.selenium.chromium.ChromiumDriverCommandExecutor.<init>(ChromiumDriverCommandExecutor.java:35)
at org.openqa.selenium.chrome.ChromeDriver$ChromeDriverCommandExecutor.<init>(ChromeDriver.java:93)
at org.openqa.selenium.chrome.ChromeDriver.<init>(ChromeDriver.java:81)
at org.openqa.selenium.chrome.ChromeDriver.<init>(ChromeDriver.java:49)
at com.nopc.base.Baseclass.browserlaunch(Baseclass.java:19)
at com.nopc.qa.login.LoginValidation.Browseropening(LoginValidation.java:33)
at java.base/java.util.ArrayList.forEach(ArrayList.java:1511)
Caused by: java.lang.ClassNotFoundException: dev.failsafe.Policy
at java.base/jdk.internal.loader.BuiltinClassLoader.loadClass(BuiltinClassLoader.java:641)
at java.base/jdk.internal.loader.ClassLoaders$AppClassLoader.loadClass(ClassLoaders.java:188)
at java.base/java.lang.ClassLoader.loadClass(ClassLoader.java:521)
... 34 more
... Removed 23 stack frames]]>
    </failure>
  </testcase> <!-- @BeforeClass Browseropening -->
  <testcase classname="com.nopc.qa.login.LoginValidation" name="@AfterClass BrowserClose" time="-1.665113551397E9">
    <skipped/>
  </testcase> <!-- @AfterClass BrowserClose -->
  <testcase classname="com.nopc.qa.login.LoginValidation" name="checkboxVerify" time="0.0">
    <skipped/>
  </testcase> <!-- checkboxVerify -->
  <testcase classname="com.nopc.qa.login.LoginValidation" name="TitleVerify" time="0.0">
    <skipped/>
  </testcase> <!-- TitleVerify -->
  <testcase classname="com.nopc.qa.login.LoginValidation" name="loginVerify" time="0.0">
    <skipped/>
  </testcase> <!-- loginVerify -->
  <testcase classname="com.nopc.qa.login.LoginValidation" name="logoVerify" time="0.0">
    <skipped/>
  </testcase> <!-- logoVerify -->
</testsuite> <!-- Test -->
